# JRE version: OpenJDK Runtime Environment Temurin-21.0.6+7 (21.0.6+7) (build 21.0.6+7-LTS)
# Java VM: OpenJDK 64-Bit Server VM Temurin-21.0.6+7 (21.0.6+7-LTS, mixed mode, emulated-client, sharing, tiered, compressed oops, compressed class ptrs, g1 gc, windows-amd64)
GC Precious Log:
 CardTable entry size: 512
 Card Set container configuration: InlinePtr #cards 4 size 8 Array Of Cards #cards 16 size 48 Howl #buckets 8 coarsen threshold 3686 Howl Bitmap #cards 512 size 80 coarsen threshold 460 Card regions per heap region 1 cards per card region 4096
 CPUs: 12 total, 12 available
 Memory: 11659M
 Large Page Support: Disabled
 NUMA Support: Disabled
 Compressed Oops: Enabled (Zero based)
 Heap Region Size: 2M
 Heap Min Capacity: 8M
 Heap Initial Capacity: 184M
 Heap Max Capacity: 2916M
 Pre-touch: Disabled
 Parallel Workers: 10
 Concurrent Workers: 3
 Concurrent Refinement Workers: 10
 Periodic GC: Disabled
Heap:
 garbage-first heap   total 202752K, used 89985K [0x0000000749c00000, 0x0000000800000000)
  region size 2048K, 1 young (2048K), 1 survivors (2048K)
 Metaspace       used 72216K, committed 72896K, reserved 1114112K
  class space    used 10367K, committed 10688K, reserved 1048576K
GC Heap History (20 events):
Event: 8.121 GC heap after
{Heap after GC invocations=31 (full 0):
 garbage-first heap   total 61440K, used 38123K [0x0000000749c00000, 0x0000000800000000)
  region size 2048K, 2 young (4096K), 2 survivors (4096K)
 Metaspace       used 70575K, committed 71232K, reserved 1114112K
  class space    used 10138K, committed 10432K, reserved 1048576K
}
Event: 8.146 GC heap before
{Heap before GC invocations=31 (full 0):
 garbage-first heap   total 61440K, used 52459K [0x0000000749c00000, 0x0000000800000000)
  region size 2048K, 9 young (18432K), 2 survivors (4096K)
 Metaspace       used 70579K, committed 71232K, reserved 1114112K
  class space    used 10138K, committed 10432K, reserved 1048576K
}
Event: 8.149 GC heap after
{Heap after GC invocations=32 (full 0):
 garbage-first heap   total 73728K, used 38957K [0x0000000749c00000, 0x0000000800000000)
  region size 2048K, 1 young (2048K), 1 survivors (2048K)
 Metaspace       used 70579K, committed 71232K, reserved 1114112K
  class space    used 10138K, committed 10432K, reserved 1048576K
}
Event: 8.203 GC heap before
{Heap before GC invocations=32 (full 0):
 garbage-first heap   total 73728K, used 63533K [0x0000000749c00000, 0x0000000800000000)
  region size 2048K, 13 young (26624K), 1 survivors (2048K)
 Metaspace       used 70581K, committed 71232K, reserved 1114112K
  class space    used 10138K, committed 10432K, reserved 1048576K
}
Event: 8.205 GC heap after
{Heap after GC invocations=33 (full 0):
 garbage-first heap   total 73728K, used 43477K [0x0000000749c00000, 0x0000000800000000)
  region size 2048K, 2 young (4096K), 2 survivors (4096K)
 Metaspace       used 70581K, committed 71232K, reserved 1114112K
  class space    used 10138K, committed 10432K, reserved 1048576K
}
Event: 8.355 GC heap before
{Heap before GC invocations=33 (full 0):
 garbage-first heap   total 73728K, used 59861K [0x0000000749c00000, 0x0000000800000000)
  region size 2048K, 11 young (22528K), 2 survivors (4096K)
 Metaspace       used 72092K, committed 72704K, reserved 1114112K
  class space    used 10338K, committed 10624K, reserved 1048576K
}
Event: 8.358 GC heap after
{Heap after GC invocations=34 (full 0):
 garbage-first heap   total 73728K, used 44718K [0x0000000749c00000, 0x0000000800000000)
  region size 2048K, 1 young (2048K), 1 survivors (2048K)
 Metaspace       used 72092K, committed 72704K, reserved 1114112K
  class space    used 10338K, committed 10624K, reserved 1048576K
}
Event: 8.410 GC heap before
{Heap before GC invocations=34 (full 0):
 garbage-first heap   total 73728K, used 63150K [0x0000000749c00000, 0x0000000800000000)
  region size 2048K, 10 young (20480K), 1 survivors (2048K)
 Metaspace       used 72150K, committed 72768K, reserved 1114112K
  class space    used 10348K, committed 10624K, reserved 1048576K
}
Event: 8.412 GC heap after
{Heap after GC invocations=35 (full 0):
 garbage-first heap   total 73728K, used 46088K [0x0000000749c00000, 0x0000000800000000)
  region size 2048K, 2 young (4096K), 2 survivors (4096K)
 Metaspace       used 72150K, committed 72768K, reserved 1114112K
  class space    used 10348K, committed 10624K, reserved 1048576K
}
Event: 8.464 GC heap before
{Heap before GC invocations=36 (full 0):
 garbage-first heap   total 81920K, used 60424K [0x0000000749c00000, 0x0000000800000000)
  region size 2048K, 9 young (18432K), 2 survivors (4096K)
 Metaspace       used 72155K, committed 72768K, reserved 1114112K
  class space    used 10350K, committed 10624K, reserved 1048576K
}
Event: 8.465 GC heap after
{Heap after GC invocations=37 (full 0):
 garbage-first heap   total 120832K, used 45194K [0x0000000749c00000, 0x0000000800000000)
  region size 2048K, 1 young (2048K), 1 survivors (2048K)
 Metaspace       used 72155K, committed 72768K, reserved 1114112K
  class space    used 10350K, committed 10624K, reserved 1048576K
}
Event: 8.649 GC heap before
{Heap before GC invocations=37 (full 0):
 garbage-first heap   total 120832K, used 108682K [0x0000000749c00000, 0x0000000800000000)
  region size 2048K, 32 young (65536K), 1 survivors (2048K)
 Metaspace       used 72214K, committed 72896K, reserved 1114112K
  class space    used 10366K, committed 10688K, reserved 1048576K
}
Event: 8.653 GC heap after
{Heap after GC invocations=38 (full 0):
 garbage-first heap   total 120832K, used 47488K [0x0000000749c00000, 0x0000000800000000)
  region size 2048K, 3 young (6144K), 3 survivors (6144K)
 Metaspace       used 72214K, committed 72896K, reserved 1114112K
  class space    used 10366K, committed 10688K, reserved 1048576K
}
Event: 8.875 GC heap before
{Heap before GC invocations=38 (full 0):
 garbage-first heap   total 120832K, used 104832K [0x0000000749c00000, 0x0000000800000000)
  region size 2048K, 31 young (63488K), 3 survivors (6144K)
 Metaspace       used 72214K, committed 72896K, reserved 1114112K
  class space    used 10366K, committed 10688K, reserved 1048576K
}
Event: 8.890 GC heap after
{Heap after GC invocations=39 (full 0):
 garbage-first heap   total 135168K, used 65618K [0x0000000749c00000, 0x0000000800000000)
  region size 2048K, 4 young (8192K), 4 survivors (8192K)
 Metaspace       used 72214K, committed 72896K, reserved 1114112K
  class space    used 10366K, committed 10688K, reserved 1048576K
}
Event: 8.964 GC heap before
{Heap before GC invocations=39 (full 0):
 garbage-first heap   total 135168K, used 88146K [0x0000000749c00000, 0x0000000800000000)
  region size 2048K, 16 young (32768K), 4 survivors (8192K)
 Metaspace       used 72214K, committed 72896K, reserved 1114112K
  class space    used 10366K, committed 10688K, reserved 1048576K
}
Event: 8.972 GC heap after
{Heap after GC invocations=40 (full 0):
 garbage-first heap   total 135168K, used 75729K [0x0000000749c00000, 0x0000000800000000)
  region size 2048K, 4 young (8192K), 4 survivors (8192K)
 Metaspace       used 72214K, committed 72896K, reserved 1114112K
  class space    used 10366K, committed 10688K, reserved 1048576K
}
Event: 9.069 GC heap before
{Heap before GC invocations=41 (full 0):
 garbage-first heap   total 135168K, used 110545K [0x0000000749c00000, 0x0000000800000000)
  region size 2048K, 20 young (40960K), 4 survivors (8192K)
 Metaspace       used 72214K, committed 72896K, reserved 1114112K
  class space    used 10366K, committed 10688K, reserved 1048576K
}
Event: 9.078 GC heap after
{Heap after GC invocations=42 (full 0):
 garbage-first heap   total 135168K, used 88615K [0x0000000749c00000, 0x0000000800000000)
  region size 2048K, 3 young (6144K), 3 survivors (6144K)
 Metaspace       used 72214K, committed 72896K, reserved 1114112K
  class space    used 10366K, committed 10688K, reserved 1048576K
}
Event: 9.130 GC heap before
{Heap before GC invocations=42 (full 0):
 garbage-first heap   total 135168K, used 113191K [0x0000000749c00000, 0x0000000800000000)
  region size 2048K, 15 young (30720K), 3 survivors (6144K)
 Metaspace       used 72216K, committed 72896K, reserved 1114112K
  class space    used 10367K, committed 10688K, reserved 1048576K
}

